# JRE version: Java(TM) SE Runtime Environment (22.0+36) (build 22+36-2370)
# Java VM: Java HotSpot(TM) 64-Bit Server VM (22+36-2370, mixed mode, sharing, tiered, compressed oops, compressed class ptrs, g1 gc, windows-amd64)
GC Precious Log:
 CardTable entry size: 512
 Card Set container configuration: InlinePtr #cards 5 size 8 Array Of Cards #cards 12 size 40 Howl #buckets 4 coarsen threshold 1843 Howl Bitmap #cards 512 size 80 coarsen threshold 460 Card regions per heap region 1 cards per card region 2048
 CPUs: 8 total, 8 available
 Memory: 7987M
 Large Page Support: Disabled
 NUMA Support: Disabled
 Compressed Oops: Enabled (32-bit)
 Heap Region Size: 1M
 Heap Min Capacity: 8M
 Heap Initial Capacity: 126M
 Heap Max Capacity: 1998M
 Pre-touch: Disabled
 Parallel Workers: 8
 Concurrent Workers: 2
 Concurrent Refinement Workers: 8
 Periodic GC: Disabled
Heap:
 garbage-first heap   total reserved 2045952K, committed 89088K, used 65612K [0x0000000083200000, 0x0000000100000000)
  region size 1024K, 23 young (23552K), 5 survivors (5120K)
 Metaspace       used 88889K, committed 89728K, reserved 1179648K
  class space    used 12360K, committed 12736K, reserved 1048576K
GC Heap History (20 events):
Event: 5.310 GC heap before
{Heap before GC invocations=15 (full 0):
 garbage-first heap   total reserved 2045952K, committed 73728K, used 63310K [0x0000000083200000, 0x0000000100000000)
  region size 1024K, 36 young (36864K), 3 survivors (3072K)
 Metaspace       used 66229K, committed 66880K, reserved 1114112K
  class space    used 8957K, committed 9216K, reserved 1048576K
}
Event: 5.315 GC heap after
{Heap after GC invocations=16 (full 0):
 garbage-first heap   total reserved 2045952K, committed 73728K, used 31894K [0x0000000083200000, 0x0000000100000000)
  region size 1024K, 3 young (3072K), 3 survivors (3072K)
 Metaspace       used 66229K, committed 66880K, reserved 1114112K
  class space    used 8957K, committed 9216K, reserved 1048576K
}
Event: 5.735 GC heap before
{Heap before GC invocations=16 (full 0):
 garbage-first heap   total reserved 2045952K, committed 73728K, used 64662K [0x0000000083200000, 0x0000000100000000)
  region size 1024K, 35 young (35840K), 3 survivors (3072K)
 Metaspace       used 71011K, committed 71680K, reserved 1114112K
  class space    used 9612K, committed 9920K, reserved 1048576K
}
Event: 5.742 GC heap after
{Heap after GC invocations=17 (full 0):
 garbage-first heap   total reserved 2045952K, committed 73728K, used 34498K [0x0000000083200000, 0x0000000100000000)
  region size 1024K, 5 young (5120K), 5 survivors (5120K)
 Metaspace       used 71011K, committed 71680K, reserved 1114112K
  class space    used 9612K, committed 9920K, reserved 1048576K
}
Event: 6.025 GC heap before
{Heap before GC invocations=17 (full 0):
 garbage-first heap   total reserved 2045952K, committed 73728K, used 63170K [0x0000000083200000, 0x0000000100000000)
  region size 1024K, 33 young (33792K), 5 survivors (5120K)
 Metaspace       used 72640K, committed 73344K, reserved 1114112K
  class space    used 9848K, committed 10176K, reserved 1048576K
}
Event: 6.029 GC heap after
{Heap after GC invocations=18 (full 0):
 garbage-first heap   total reserved 2045952K, committed 73728K, used 36525K [0x0000000083200000, 0x0000000100000000)
  region size 1024K, 3 young (3072K), 3 survivors (3072K)
 Metaspace       used 72640K, committed 73344K, reserved 1114112K
  class space    used 9848K, committed 10176K, reserved 1048576K
}
Event: 6.339 GC heap before
{Heap before GC invocations=18 (full 0):
 garbage-first heap   total reserved 2045952K, committed 73728K, used 64173K [0x0000000083200000, 0x0000000100000000)
  region size 1024K, 30 young (30720K), 3 survivors (3072K)
 Metaspace       used 76051K, committed 76800K, reserved 1179648K
  class space    used 10524K, committed 10880K, reserved 1048576K
}
Event: 6.342 GC heap after
{Heap after GC invocations=19 (full 0):
 garbage-first heap   total reserved 2045952K, committed 73728K, used 38801K [0x0000000083200000, 0x0000000100000000)
  region size 1024K, 4 young (4096K), 4 survivors (4096K)
 Metaspace       used 76051K, committed 76800K, reserved 1179648K
  class space    used 10524K, committed 10880K, reserved 1048576K
}
Event: 6.454 GC heap before
{Heap before GC invocations=20 (full 0):
 garbage-first heap   total reserved 2045952K, committed 73728K, used 64401K [0x0000000083200000, 0x0000000100000000)
  region size 1024K, 29 young (29696K), 4 survivors (4096K)
 Metaspace       used 77118K, committed 77824K, reserved 1179648K
  class space    used 10716K, committed 11072K, reserved 1048576K
}
Event: 6.458 GC heap after
{Heap after GC invocations=21 (full 0):
 garbage-first heap   total reserved 2045952K, committed 73728K, used 41950K [0x0000000083200000, 0x0000000100000000)
  region size 1024K, 3 young (3072K), 3 survivors (3072K)
 Metaspace       used 77118K, committed 77824K, reserved 1179648K
  class space    used 10716K, committed 11072K, reserved 1048576K
}
Event: 6.537 GC heap before
{Heap before GC invocations=21 (full 0):
 garbage-first heap   total reserved 2045952K, committed 73728K, used 65502K [0x0000000083200000, 0x0000000100000000)
  region size 1024K, 26 young (26624K), 3 survivors (3072K)
 Metaspace       used 77415K, committed 78080K, reserved 1179648K
  class space    used 10754K, committed 11072K, reserved 1048576K
}
Event: 6.540 GC heap after
{Heap after GC invocations=22 (full 0):
 garbage-first heap   total reserved 2045952K, committed 89088K, used 40553K [0x0000000083200000, 0x0000000100000000)
  region size 1024K, 2 young (2048K), 2 survivors (2048K)
 Metaspace       used 77415K, committed 78080K, reserved 1179648K
  class space    used 10754K, committed 11072K, reserved 1048576K
}
Event: 6.789 GC heap before
{Heap before GC invocations=22 (full 0):
 garbage-first heap   total reserved 2045952K, committed 89088K, used 78441K [0x0000000083200000, 0x0000000100000000)
  region size 1024K, 39 young (39936K), 2 survivors (2048K)
 Metaspace       used 78721K, committed 79488K, reserved 1179648K
  class space    used 10895K, committed 11264K, reserved 1048576K
}
Event: 6.792 GC heap after
{Heap after GC invocations=23 (full 0):
 garbage-first heap   total reserved 2045952K, committed 89088K, used 42524K [0x0000000083200000, 0x0000000100000000)
  region size 1024K, 4 young (4096K), 4 survivors (4096K)
 Metaspace       used 78721K, committed 79488K, reserved 1179648K
  class space    used 10895K, committed 11264K, reserved 1048576K
}
Event: 7.193 GC heap before
{Heap before GC invocations=23 (full 0):
 garbage-first heap   total reserved 2045952K, committed 89088K, used 78364K [0x0000000083200000, 0x0000000100000000)
  region size 1024K, 39 young (39936K), 4 survivors (4096K)
 Metaspace       used 80796K, committed 81536K, reserved 1179648K
  class space    used 11173K, committed 11520K, reserved 1048576K
}
Event: 7.198 GC heap after
{Heap after GC invocations=24 (full 0):
 garbage-first heap   total reserved 2045952K, committed 89088K, used 45189K [0x0000000083200000, 0x0000000100000000)
  region size 1024K, 5 young (5120K), 5 survivors (5120K)
 Metaspace       used 80796K, committed 81536K, reserved 1179648K
  class space    used 11173K, committed 11520K, reserved 1048576K
}
Event: 7.520 GC heap before
{Heap before GC invocations=24 (full 0):
 garbage-first heap   total reserved 2045952K, committed 89088K, used 77957K [0x0000000083200000, 0x0000000100000000)
  region size 1024K, 37 young (37888K), 5 survivors (5120K)
 Metaspace       used 82355K, committed 83200K, reserved 1179648K
  class space    used 11437K, committed 11840K, reserved 1048576K
}
Event: 7.525 GC heap after
{Heap after GC invocations=25 (full 0):
 garbage-first heap   total reserved 2045952K, committed 89088K, used 47218K [0x0000000083200000, 0x0000000100000000)
  region size 1024K, 5 young (5120K), 5 survivors (5120K)
 Metaspace       used 82355K, committed 83200K, reserved 1179648K
  class space    used 11437K, committed 11840K, reserved 1048576K
}
Event: 7.876 GC heap before
{Heap before GC invocations=26 (full 0):
 garbage-first heap   total reserved 2045952K, committed 89088K, used 77938K [0x0000000083200000, 0x0000000100000000)
  region size 1024K, 35 young (35840K), 5 survivors (5120K)
 Metaspace       used 84685K, committed 85504K, reserved 1179648K
  class space    used 11782K, committed 12160K, reserved 1048576K
}
Event: 7.881 GC heap after
{Heap after GC invocations=27 (full 0):
 garbage-first heap   total reserved 2045952K, committed 89088K, used 49228K [0x0000000083200000, 0x0000000100000000)
  region size 1024K, 5 young (5120K), 5 survivors (5120K)
 Metaspace       used 84685K, committed 85504K, reserved 1179648K
  class space    used 11782K, committed 12160K, reserved 1048576K
}

